<?xml version="1.0" encoding="UTF-8"?>
<!-- Generated by org.testng.reporters.JUnitXMLReporter -->
<testsuite ignored="1" hostname="Subhadip" failures="0" tests="2" name="GroupingTest" time="12.227" errors="0" timestamp="2024-12-28T18:55:55 IST">
  <testcase classname="testCases.TC001_AccountRegistrationTest" name="verfiy_account_registration" time="3.108"/>
  <testcase classname="testCases.TC002_AccountRegistrationDiffPasswordTest" name="validate_incorrect_password_message" time="2.728"/>
  <testcase classname="testCases.TC003_ValidUserLoginTest" name="validate_valid_user_credentials" time="0.0">
    <ignored/>
  </testcase> <!-- validate_valid_user_credentials -->
</testsuite> <!-- GroupingTest -->
