<?xml version="1.0" encoding="UTF-8"?>
<!-- Generated by org.testng.reporters.JUnitXMLReporter -->
<testsuite ignored="0" hostname="Subhadip" failures="0" tests="1" name="ChromeTest" time="8.26" errors="0" timestamp="2025-01-15T14:03:06 IST">
  <testcase classname="testBase.BaseTest" name="@BeforeMethod reNavigate" time="0.009">
    <failure type="java.lang.NullPointerException" message="Cannot invoke &amp;quot;java.util.Properties.getProperty(String)&amp;quot; because &amp;quot;this.properties&amp;quot; is null">
      <![CDATA[java.lang.NullPointerException: Cannot invoke "java.util.Properties.getProperty(String)" because "this.properties" is null
at testBase.BaseTest.reNavigate(BaseTest.java:83)
at java.base/java.util.ArrayList.forEach(ArrayList.java:1597)
... Removed 29 stack frames]]>
    </failure>
  </testcase> <!-- @BeforeMethod reNavigate -->
  <testcase classname="testBase.BaseTest" name="@AfterClass tearDown" time="0.0">
    <skipped/>
  </testcase> <!-- @AfterClass tearDown -->
  <testcase classname="testCases.TC001_AccountRegistrationTest" name="verfiy_account_registration" time="0.0">
    <skipped/>
  </testcase> <!-- verfiy_account_registration -->
</testsuite> <!-- ChromeTest -->
