<?xml version="1.0" encoding="UTF-8"?>
<!-- Generated by org.testng.reporters.JUnitXMLReporter -->
<testsuite ignored="0" hostname="Subhadip" failures="0" tests="2" name="EdgeTest" time="19.896" errors="0" timestamp="2024-12-22T12:58:34 IST">
  <testcase classname="testCases.TC001_AccountRegistrationTest" name="verfiy_account_registration" time="4.379"/>
  <testcase classname="testCases.TC002_AccountRegistrationDiffPasswordTest" name="validate_incorrect_password_message" time="3.917"/>
</testsuite> <!-- EdgeTest -->
