<?xml version="1.0" encoding="UTF-8"?>
<!-- Generated by org.testng.reporters.JUnitXMLReporter -->
<testsuite ignored="0" hostname="Subhadip" failures="0" tests="3" name="Test" time="25.604" errors="0" timestamp="2024-12-22T22:33:51 IST">
  <testcase classname="testCases.TC001_AccountRegistrationTest" name="verfiy_account_registration" time="4.76"/>
  <testcase classname="testCases.TC002_AccountRegistrationDiffPasswordTest" name="validate_incorrect_password_message" time="3.909"/>
  <testcase classname="testCases.TC003_ValidUserLoginTest" name="validate_valid_user_credentials" time="1.712"/>
</testsuite> <!-- Test -->
