<?xml version="1.0" encoding="UTF-8"?>
<!-- Generated by org.testng.reporters.JUnitXMLReporter -->
<testsuite ignored="0" hostname="Subhadip" failures="3" tests="6" name="MasterTest" time="45.447" errors="0" timestamp="2024-12-28T19:01:26 IST">
  <testcase classname="testCases.TC004_LoginDataDrivenTest" name="validate_login" time="11.523">
    <failure type="java.lang.AssertionError" message="expected [true] but found [false]">
      <![CDATA[java.lang.AssertionError: expected [true] but found [false]
at testCases.TC004_LoginDataDrivenTest.validate_login(TC004_LoginDataDrivenTest.java:62)
at java.base/java.util.ArrayList.forEach(ArrayList.java:1597)
... Removed 29 stack frames]]>
    </failure>
  </testcase> <!-- validate_login -->
  <testcase classname="testCases.TC004_LoginDataDrivenTest" name="validate_login" time="1.636">
    <failure type="java.lang.AssertionError" message="expected [true] but found [false]">
      <![CDATA[java.lang.AssertionError: expected [true] but found [false]
at testCases.TC004_LoginDataDrivenTest.validate_login(TC004_LoginDataDrivenTest.java:78)
at java.base/java.util.ArrayList.forEach(ArrayList.java:1597)
... Removed 29 stack frames]]>
    </failure>
  </testcase> <!-- validate_login -->
  <testcase classname="testCases.TC004_LoginDataDrivenTest" name="validate_login" time="1.623">
    <failure type="java.lang.AssertionError" message="expected [true] but found [false]">
      <![CDATA[java.lang.AssertionError: expected [true] but found [false]
at testCases.TC004_LoginDataDrivenTest.validate_login(TC004_LoginDataDrivenTest.java:78)
at java.base/java.util.ArrayList.forEach(ArrayList.java:1597)
... Removed 29 stack frames]]>
    </failure>
  </testcase> <!-- validate_login -->
  <testcase classname="testCases.TC004_LoginDataDrivenTest" name="validate_login" time="11.428"/>
  <testcase classname="testCases.TC004_LoginDataDrivenTest" name="validate_login" time="1.712"/>
  <testcase classname="testCases.TC004_LoginDataDrivenTest" name="validate_login" time="11.399"/>
</testsuite> <!-- MasterTest -->
